dietping/build/app/intermediates/manifest_merge_blame_file/debug/manifest-merger-blame-debug-report.txt
1<?xml version="1.0" encoding="utf-8"?>
2<manifest xmlns:android="http://schemas.android.com/apk/res/android"
3    package="com.example.best_flutter_ui_templates"
4    android:versionCode="1"
5    android:versionName="1.0.0" >
6
7    <uses-sdk
8        android:minSdkVersion="19"
9        android:targetSdkVersion="33" />
10    <!--
11         Flutter needs it to communicate with the running application
12         to allow setting breakpoints, to provide hot reload, etc.
13    -->
14    <uses-permission android:name="android.permission.INTERNET" />
14-->src\debug\AndroidManifest.xml:6:5-66
14-->src\debug\AndroidManifest.xml:6:22-64
15
16    <permission
16-->[androidx.core:core:1.10.1] AndroidManifest.xml:22:5-24:47
17        android:name="com.example.best_flutter_ui_templates.DYNAMIC_RECEIVER_NOT_EXPORTED_PERMISSION"
17-->[androidx.core:core:1.10.1] AndroidManifest.xml:23:9-81
18        android:protectionLevel="signature" />
18-->[androidx.core:core:1.10.1] AndroidManifest.xml:24:9-44
19
20    <uses-permission android:name="com.example.best_flutter_ui_templates.DYNAMIC_RECEIVER_NOT_EXPORTED_PERMISSION" />
20-->[androidx.core:core:1.10.1] AndroidManifest.xml:26:5-97
20-->[androidx.core:core:1.10.1] AndroidManifest.xml:26:22-94
21
22    <application
22-->src\main\AndroidManifest.xml:4:5-35:19
23        android:appComponentFactory="androidx.core.app.CoreComponentFactory"
23-->[androidx.core:core:1.10.1] AndroidManifest.xml:28:18-86
24        android:debuggable="true"
25        android:icon="@mipmap/ic_launcher"
25-->src\main\AndroidManifest.xml:6:9-43
26        android:label="Best Flutter UI Templates" >
26-->src\main\AndroidManifest.xml:5:9-50
27        <activity
27-->src\main\AndroidManifest.xml:8:9-29:20
28            android:name="com.example.best_flutter_ui_templates.MainActivity"
28-->src\main\AndroidManifest.xml:9:13-78
29            android:configChanges="orientation|keyboardHidden|keyboard|screenSize|smallestScreenSize|locale|layoutDirection|fontScale|screenLayout|density|uiMode"
29-->src\main\AndroidManifest.xml:13:13-163
30            android:exported="true"
30-->src\main\AndroidManifest.xml:10:13-36
31            android:hardwareAccelerated="true"
31-->src\main\AndroidManifest.xml:14:13-47
32            android:launchMode="singleTop"
32-->src\main\AndroidManifest.xml:11:13-43
33            android:theme="@style/LaunchTheme"
33-->src\main\AndroidManifest.xml:12:13-47
34            android:windowSoftInputMode="adjustResize" >
34-->src\main\AndroidManifest.xml:15:13-55
35            <meta-data
35-->src\main\AndroidManifest.xml:17:13-19:57
36                android:name="io.flutter.embedding.android.NormalTheme"
36-->src\main\AndroidManifest.xml:18:17-72
37                android:resource="@style/NormalTheme" />
37-->src\main\AndroidManifest.xml:19:17-54
38            <meta-data
38-->src\main\AndroidManifest.xml:21:13-23:66
39                android:name="io.flutter.embedding.android.SplashScreenDrawable"
39-->src\main\AndroidManifest.xml:22:17-81
40                android:resource="@drawable/launch_background" />
40-->src\main\AndroidManifest.xml:23:17-63
41
42            <intent-filter>
42-->src\main\AndroidManifest.xml:25:13-28:29
43                <action android:name="android.intent.action.MAIN" />
43-->src\main\AndroidManifest.xml:26:17-68
43-->src\main\AndroidManifest.xml:26:25-66
44
45                <category android:name="android.intent.category.LAUNCHER" />
45-->src\main\AndroidManifest.xml:27:17-76
45-->src\main\AndroidManifest.xml:27:27-74
46            </intent-filter>
47        </activity>
48
49        <meta-data
49-->src\main\AndroidManifest.xml:31:9-33:33
50            android:name="flutterEmbedding"
50-->src\main\AndroidManifest.xml:32:13-44
51            android:value="2" />
51-->src\main\AndroidManifest.xml:33:13-30
52
53        <provider
53-->[:image_picker_android] AndroidManifest.xml:11:9-19:20
54            android:name="io.flutter.plugins.imagepicker.ImagePickerFileProvider"
54-->[:image_picker_android] AndroidManifest.xml:12:13-82
55            android:authorities="com.example.best_flutter_ui_templates.flutter.image_provider"
55-->[:image_picker_android] AndroidManifest.xml:13:13-74
56            android:exported="false"
56-->[:image_picker_android] AndroidManifest.xml:14:13-37
57            android:grantUriPermissions="true" >
57-->[:image_picker_android] AndroidManifest.xml:15:13-47
58            <meta-data
58-->[:image_picker_android] AndroidManifest.xml:16:13-18:75
59                android:name="android.support.FILE_PROVIDER_PATHS"
59-->[:image_picker_android] AndroidManifest.xml:17:17-67
60                android:resource="@xml/flutter_image_picker_file_paths" />
60-->[:image_picker_android] AndroidManifest.xml:18:17-72
61        </provider> <!-- Trigger Google Play services to install the backported photo picker module. -->
62        <service
62-->[:image_picker_android] AndroidManifest.xml:21:9-33:19
63            android:name="com.google.android.gms.metadata.ModuleDependencies"
63-->[:image_picker_android] AndroidManifest.xml:22:13-78
64            android:enabled="false"
64-->[:image_picker_android] AndroidManifest.xml:23:13-36
65            android:exported="false" >
65-->[:image_picker_android] AndroidManifest.xml:24:13-37
66            <intent-filter>
66-->[:image_picker_android] AndroidManifest.xml:26:13-28:29
67                <action android:name="com.google.android.gms.metadata.MODULE_DEPENDENCIES" />
67-->[:image_picker_android] AndroidManifest.xml:27:17-94
67-->[:image_picker_android] AndroidManifest.xml:27:25-91
68            </intent-filter>
69
70            <meta-data
70-->[:image_picker_android] AndroidManifest.xml:30:13-32:36
71                android:name="photopicker_activity:0:required"
71-->[:image_picker_android] AndroidManifest.xml:31:17-63
72                android:value="" />
72-->[:image_picker_android] AndroidManifest.xml:32:17-33
73        </service>
74
75        <uses-library
75-->[androidx.window:window:1.0.0-beta04] AndroidManifest.xml:25:9-27:40
76            android:name="androidx.window.extensions"
76-->[androidx.window:window:1.0.0-beta04] AndroidManifest.xml:26:13-54
77            android:required="false" />
77-->[androidx.window:window:1.0.0-beta04] AndroidManifest.xml:27:13-37
78        <uses-library
78-->[androidx.window:window:1.0.0-beta04] AndroidManifest.xml:28:9-30:40
79            android:name="androidx.window.sidecar"
79-->[androidx.window:window:1.0.0-beta04] AndroidManifest.xml:29:13-51
80            android:required="false" />
80-->[androidx.window:window:1.0.0-beta04] AndroidManifest.xml:30:13-37
81
82        <provider
82-->[androidx.profileinstaller:profileinstaller:1.3.0] AndroidManifest.xml:24:9-32:20
83            android:name="androidx.startup.InitializationProvider"
83-->[androidx.profileinstaller:profileinstaller:1.3.0] AndroidManifest.xml:25:13-67
84            android:authorities="com.example.best_flutter_ui_templates.androidx-startup"
84-->[androidx.profileinstaller:profileinstaller:1.3.0] AndroidManifest.xml:26:13-68
85            android:exported="false" >
85-->[androidx.profileinstaller:profileinstaller:1.3.0] AndroidManifest.xml:27:13-37
86            <meta-data
86-->[androidx.profileinstaller:profileinstaller:1.3.0] AndroidManifest.xml:29:13-31:52
87                android:name="androidx.profileinstaller.ProfileInstallerInitializer"
87-->[androidx.profileinstaller:profileinstaller:1.3.0] AndroidManifest.xml:30:17-85
88                android:value="androidx.startup" />
88-->[androidx.profileinstaller:profileinstaller:1.3.0] AndroidManifest.xml:31:17-49
89        </provider>
90
91        <receiver
91-->[androidx.profileinstaller:profileinstaller:1.3.0] AndroidManifest.xml:34:9-52:20
92            android:name="androidx.profileinstaller.ProfileInstallReceiver"
92-->[androidx.profileinstaller:profileinstaller:1.3.0] AndroidManifest.xml:35:13-76
93            android:directBootAware="false"
93-->[androidx.profileinstaller:profileinstaller:1.3.0] AndroidManifest.xml:36:13-44
94            android:enabled="true"
94-->[androidx.profileinstaller:profileinstaller:1.3.0] AndroidManifest.xml:37:13-35
95            android:exported="true"
95-->[androidx.profileinstaller:profileinstaller:1.3.0] AndroidManifest.xml:38:13-36
96            android:permission="android.permission.DUMP" >
96-->[androidx.profileinstaller:profileinstaller:1.3.0] AndroidManifest.xml:39:13-57
97            <intent-filter>
97-->[androidx.profileinstaller:profileinstaller:1.3.0] AndroidManifest.xml:40:13-42:29
98                <action android:name="androidx.profileinstaller.action.INSTALL_PROFILE" />
98-->[androidx.profileinstaller:profileinstaller:1.3.0] AndroidManifest.xml:41:17-91
98-->[androidx.profileinstaller:profileinstaller:1.3.0] AndroidManifest.xml:41:25-88
99            </intent-filter>
100            <intent-filter>
100-->[androidx.profileinstaller:profileinstaller:1.3.0] AndroidManifest.xml:43:13-45:29
101                <action android:name="androidx.profileinstaller.action.SKIP_FILE" />
101-->[androidx.profileinstaller:profileinstaller:1.3.0] AndroidManifest.xml:44:17-85
101-->[androidx.profileinstaller:profileinstaller:1.3.0] AndroidManifest.xml:44:25-82
102            </intent-filter>
103            <intent-filter>
103-->[androidx.profileinstaller:profileinstaller:1.3.0] AndroidManifest.xml:46:13-48:29
104                <action android:name="androidx.profileinstaller.action.SAVE_PROFILE" />
104-->[androidx.profileinstaller:profileinstaller:1.3.0] AndroidManifest.xml:47:17-88
104-->[androidx.profileinstaller:profileinstaller:1.3.0] AndroidManifest.xml:47:25-85
105            </intent-filter>
106            <intent-filter>
106-->[androidx.profileinstaller:profileinstaller:1.3.0] AndroidManifest.xml:49:13-51:29
107                <action android:name="androidx.profileinstaller.action.BENCHMARK_OPERATION" />
107-->[androidx.profileinstaller:profileinstaller:1.3.0] AndroidManifest.xml:50:17-95
107-->[androidx.profileinstaller:profileinstaller:1.3.0] AndroidManifest.xml:50:25-92
108            </intent-filter>
109        </receiver>
110    </application>
111
112</manifest>